# JRE version: OpenJDK Runtime Environment Temurin-21.0.8+9 (21.0.8+9) (build 21.0.8+9-LTS)
# Java VM: OpenJDK 64-Bit Server VM Temurin-21.0.8+9 (21.0.8+9-LTS, mixed mode, sharing, tiered, compressed oops, compressed class ptrs, parallel gc, windows-amd64)
GC Precious Log:
 CardTable entry size: 512
 CPUs: 12 total, 12 available
 Memory: 5845M
 Large Page Support: Disabled
 NUMA Support: Disabled
 Compressed Oops: Enabled (32-bit)
 Alignments: Space 512K, Generation 512K, Heap 2M
 Heap Min Capacity: 100M
 Heap Initial Capacity: 100M
 Heap Max Capacity: 2G
 Pre-touch: Disabled
 Parallel Workers: 10
Heap:
 PSYoungGen      total 3584K, used 999K [0x00000000d5580000, 0x00000000d5c80000, 0x0000000100000000)
  eden space 3072K, 16% used [0x00000000d5580000,0x00000000d55fb358,0x00000000d5880000)
  from space 512K, 98% used [0x00000000d5b80000,0x00000000d5bfe900,0x00000000d5c00000)
  to   space 512K, 0% used [0x00000000d5c00000,0x00000000d5c00000,0x00000000d5c80000)
 ParOldGen       total 995840K, used 381110K [0x0000000080000000, 0x00000000bcc80000, 0x00000000d5580000)
  object space 995840K, 38% used [0x0000000080000000,0x000000009742d870,0x00000000bcc80000)
 Metaspace       used 73201K, committed 74880K, reserved 1179648K
  class space    used 7458K, committed 8256K, reserved 1048576K
GC Heap History (20 events):
Event: 519.625 GC heap before
{Heap before GC invocations=1412 (full 4):
 PSYoungGen      total 3584K, used 3424K [0x00000000d5580000, 0x00000000d5e00000, 0x0000000100000000)
  eden space 3072K, 100% used [0x00000000d5580000,0x00000000d5880000,0x00000000d5880000)
  from space 512K, 68% used [0x00000000d5d00000,0x00000000d5d58000,0x00000000d5d80000)
  to   space 512K, 0% used [0x00000000d5d80000,0x00000000d5d80000,0x00000000d5e00000)
 ParOldGen       total 995840K, used 379196K [0x0000000080000000, 0x00000000bcc80000, 0x00000000d5580000)
  object space 995840K, 38% used [0x0000000080000000,0x000000009724f120,0x00000000bcc80000)
 Metaspace       used 73160K, committed 74880K, reserved 1179648K
  class space    used 7458K, committed 8256K, reserved 1048576K
}
Event: 519.628 GC heap after
{Heap after GC invocations=1412 (full 4):
 PSYoungGen      total 3584K, used 506K [0x00000000d5580000, 0x00000000d5e00000, 0x0000000100000000)
  eden space 3072K, 0% used [0x00000000d5580000,0x00000000d5580000,0x00000000d5880000)
  from space 512K, 98% used [0x00000000d5d80000,0x00000000d5dfe920,0x00000000d5e00000)
  to   space 1024K, 0% used [0x00000000d5c00000,0x00000000d5c00000,0x00000000d5d00000)
 ParOldGen       total 995840K, used 379312K [0x0000000080000000, 0x00000000bcc80000, 0x00000000d5580000)
  object space 995840K, 38% used [0x0000000080000000,0x000000009726c178,0x00000000bcc80000)
 Metaspace       used 73160K, committed 74880K, reserved 1179648K
  class space    used 7458K, committed 8256K, reserved 1048576K
}
Event: 519.852 GC heap before
{Heap before GC invocations=1413 (full 4):
 PSYoungGen      total 3584K, used 3578K [0x00000000d5580000, 0x00000000d5e00000, 0x0000000100000000)
  eden space 3072K, 100% used [0x00000000d5580000,0x00000000d5880000,0x00000000d5880000)
  from space 512K, 98% used [0x00000000d5d80000,0x00000000d5dfe920,0x00000000d5e00000)
  to   space 1024K, 0% used [0x00000000d5c00000,0x00000000d5c00000,0x00000000d5d00000)
 ParOldGen       total 995840K, used 379312K [0x0000000080000000, 0x00000000bcc80000, 0x00000000d5580000)
  object space 995840K, 38% used [0x0000000080000000,0x000000009726c178,0x00000000bcc80000)
 Metaspace       used 73160K, committed 74880K, reserved 1179648K
  class space    used 7458K, committed 8256K, reserved 1048576K
}
Event: 519.855 GC heap after
{Heap after GC invocations=1413 (full 4):
 PSYoungGen      total 4096K, used 528K [0x00000000d5580000, 0x00000000d5e00000, 0x0000000100000000)
  eden space 3072K, 0% used [0x00000000d5580000,0x00000000d5580000,0x00000000d5880000)
  from space 1024K, 51% used [0x00000000d5c00000,0x00000000d5c84010,0x00000000d5d00000)
  to   space 1024K, 0% used [0x00000000d5d00000,0x00000000d5d00000,0x00000000d5e00000)
 ParOldGen       total 995840K, used 379440K [0x0000000080000000, 0x00000000bcc80000, 0x00000000d5580000)
  object space 995840K, 38% used [0x0000000080000000,0x000000009728c198,0x00000000bcc80000)
 Metaspace       used 73160K, committed 74880K, reserved 1179648K
  class space    used 7458K, committed 8256K, reserved 1048576K
}
Event: 519.899 GC heap before
{Heap before GC invocations=1414 (full 4):
 PSYoungGen      total 4096K, used 3599K [0x00000000d5580000, 0x00000000d5e00000, 0x0000000100000000)
  eden space 3072K, 99% used [0x00000000d5580000,0x00000000d587fe80,0x00000000d5880000)
  from space 1024K, 51% used [0x00000000d5c00000,0x00000000d5c84010,0x00000000d5d00000)
  to   space 1024K, 0% used [0x00000000d5d00000,0x00000000d5d00000,0x00000000d5e00000)
 ParOldGen       total 995840K, used 379440K [0x0000000080000000, 0x00000000bcc80000, 0x00000000d5580000)
  object space 995840K, 38% used [0x0000000080000000,0x000000009728c198,0x00000000bcc80000)
 Metaspace       used 73163K, committed 74880K, reserved 1179648K
  class space    used 7458K, committed 8256K, reserved 1048576K
}
Event: 519.901 GC heap after
{Heap after GC invocations=1414 (full 4):
 PSYoungGen      total 3584K, used 320K [0x00000000d5580000, 0x00000000d5d80000, 0x0000000100000000)
  eden space 3072K, 0% used [0x00000000d5580000,0x00000000d5580000,0x00000000d5880000)
  from space 512K, 62% used [0x00000000d5d00000,0x00000000d5d50000,0x00000000d5d80000)
  to   space 512K, 0% used [0x00000000d5c80000,0x00000000d5c80000,0x00000000d5d00000)
 ParOldGen       total 995840K, used 379504K [0x0000000080000000, 0x00000000bcc80000, 0x00000000d5580000)
  object space 995840K, 38% used [0x0000000080000000,0x000000009729c198,0x00000000bcc80000)
 Metaspace       used 73163K, committed 74880K, reserved 1179648K
  class space    used 7458K, committed 8256K, reserved 1048576K
}
Event: 519.929 GC heap before
{Heap before GC invocations=1415 (full 4):
 PSYoungGen      total 3584K, used 3392K [0x00000000d5580000, 0x00000000d5d80000, 0x0000000100000000)
  eden space 3072K, 100% used [0x00000000d5580000,0x00000000d5880000,0x00000000d5880000)
  from space 512K, 62% used [0x00000000d5d00000,0x00000000d5d50000,0x00000000d5d80000)
  to   space 512K, 0% used [0x00000000d5c80000,0x00000000d5c80000,0x00000000d5d00000)
 ParOldGen       total 995840K, used 379504K [0x0000000080000000, 0x00000000bcc80000, 0x00000000d5580000)
  object space 995840K, 38% used [0x0000000080000000,0x000000009729c198,0x00000000bcc80000)
 Metaspace       used 73163K, committed 74880K, reserved 1179648K
  class space    used 7458K, committed 8256K, reserved 1048576K
}
Event: 519.933 GC heap after
{Heap after GC invocations=1415 (full 4):
 PSYoungGen      total 3584K, used 512K [0x00000000d5580000, 0x00000000d5d80000, 0x0000000100000000)
  eden space 3072K, 0% used [0x00000000d5580000,0x00000000d5580000,0x00000000d5880000)
  from space 512K, 100% used [0x00000000d5c80000,0x00000000d5d00000,0x00000000d5d00000)
  to   space 512K, 0% used [0x00000000d5d00000,0x00000000d5d00000,0x00000000d5d80000)
 ParOldGen       total 995840K, used 379616K [0x0000000080000000, 0x00000000bcc80000, 0x00000000d5580000)
  object space 995840K, 38% used [0x0000000080000000,0x00000000972b81a8,0x00000000bcc80000)
 Metaspace       used 73163K, committed 74880K, reserved 1179648K
  class space    used 7458K, committed 8256K, reserved 1048576K
}
Event: 519.954 GC heap before
{Heap before GC invocations=1416 (full 4):
 PSYoungGen      total 3584K, used 3584K [0x00000000d5580000, 0x00000000d5d80000, 0x0000000100000000)
  eden space 3072K, 100% used [0x00000000d5580000,0x00000000d5880000,0x00000000d5880000)
  from space 512K, 100% used [0x00000000d5c80000,0x00000000d5d00000,0x00000000d5d00000)
  to   space 512K, 0% used [0x00000000d5d00000,0x00000000d5d00000,0x00000000d5d80000)
 ParOldGen       total 995840K, used 379616K [0x0000000080000000, 0x00000000bcc80000, 0x00000000d5580000)
  object space 995840K, 38% used [0x0000000080000000,0x00000000972b81a8,0x00000000bcc80000)
 Metaspace       used 73174K, committed 74880K, reserved 1179648K
  class space    used 7458K, committed 8256K, reserved 1048576K
}
Event: 519.957 GC heap after
{Heap after GC invocations=1416 (full 4):
 PSYoungGen      total 3584K, used 506K [0x00000000d5580000, 0x00000000d5d80000, 0x0000000100000000)
  eden space 3072K, 0% used [0x00000000d5580000,0x00000000d5580000,0x00000000d5880000)
  from space 512K, 98% used [0x00000000d5d00000,0x00000000d5d7e900,0x00000000d5d80000)
  to   space 1536K, 0% used [0x00000000d5a80000,0x00000000d5a80000,0x00000000d5c00000)
 ParOldGen       total 995840K, used 380124K [0x0000000080000000, 0x00000000bcc80000, 0x00000000d5580000)
  object space 995840K, 38% used [0x0000000080000000,0x00000000973373a8,0x00000000bcc80000)
 Metaspace       used 73174K, committed 74880K, reserved 1179648K
  class space    used 7458K, committed 8256K, reserved 1048576K
}
Event: 520.023 GC heap before
{Heap before GC invocations=1417 (full 4):
 PSYoungGen      total 3584K, used 3578K [0x00000000d5580000, 0x00000000d5d80000, 0x0000000100000000)
  eden space 3072K, 100% used [0x00000000d5580000,0x00000000d5880000,0x00000000d5880000)
  from space 512K, 98% used [0x00000000d5d00000,0x00000000d5d7e900,0x00000000d5d80000)
  to   space 1536K, 0% used [0x00000000d5a80000,0x00000000d5a80000,0x00000000d5c00000)
 ParOldGen       total 995840K, used 380124K [0x0000000080000000, 0x00000000bcc80000, 0x00000000d5580000)
  object space 995840K, 38% used [0x0000000080000000,0x00000000973373a8,0x00000000bcc80000)
 Metaspace       used 73176K, committed 74880K, reserved 1179648K
  class space    used 7458K, committed 8256K, reserved 1048576K
}
Event: 520.026 GC heap after
{Heap after GC invocations=1417 (full 4):
 PSYoungGen      total 4608K, used 1028K [0x00000000d5580000, 0x00000000d5d80000, 0x0000000100000000)
  eden space 3072K, 0% used [0x00000000d5580000,0x00000000d5580000,0x00000000d5880000)
  from space 1536K, 66% used [0x00000000d5a80000,0x00000000d5b81210,0x00000000d5c00000)
  to   space 1536K, 0% used [0x00000000d5c00000,0x00000000d5c00000,0x00000000d5d80000)
 ParOldGen       total 995840K, used 380509K [0x0000000080000000, 0x00000000bcc80000, 0x00000000d5580000)
  object space 995840K, 38% used [0x0000000080000000,0x0000000097397610,0x00000000bcc80000)
 Metaspace       used 73176K, committed 74880K, reserved 1179648K
  class space    used 7458K, committed 8256K, reserved 1048576K
}
Event: 520.043 GC heap before
{Heap before GC invocations=1418 (full 4):
 PSYoungGen      total 4608K, used 4100K [0x00000000d5580000, 0x00000000d5d80000, 0x0000000100000000)
  eden space 3072K, 100% used [0x00000000d5580000,0x00000000d5880000,0x00000000d5880000)
  from space 1536K, 66% used [0x00000000d5a80000,0x00000000d5b81210,0x00000000d5c00000)
  to   space 1536K, 0% used [0x00000000d5c00000,0x00000000d5c00000,0x00000000d5d80000)
 ParOldGen       total 995840K, used 380509K [0x0000000080000000, 0x00000000bcc80000, 0x00000000d5580000)
  object space 995840K, 38% used [0x0000000080000000,0x0000000097397610,0x00000000bcc80000)
 Metaspace       used 73178K, committed 74880K, reserved 1179648K
  class space    used 7458K, committed 8256K, reserved 1048576K
}
Event: 520.049 GC heap after
{Heap after GC invocations=1418 (full 4):
 PSYoungGen      total 4096K, used 586K [0x00000000d5580000, 0x00000000d5d00000, 0x0000000100000000)
  eden space 3072K, 0% used [0x00000000d5580000,0x00000000d5580000,0x00000000d5880000)
  from space 1024K, 57% used [0x00000000d5c00000,0x00000000d5c92910,0x00000000d5d00000)
  to   space 1024K, 0% used [0x00000000d5b00000,0x00000000d5b00000,0x00000000d5c00000)
 ParOldGen       total 995840K, used 380974K [0x0000000080000000, 0x00000000bcc80000, 0x00000000d5580000)
  object space 995840K, 38% used [0x0000000080000000,0x000000009740b870,0x00000000bcc80000)
 Metaspace       used 73178K, committed 74880K, reserved 1179648K
  class space    used 7458K, committed 8256K, reserved 1048576K
}
Event: 520.065 GC heap before
{Heap before GC invocations=1419 (full 4):
 PSYoungGen      total 4096K, used 3658K [0x00000000d5580000, 0x00000000d5d00000, 0x0000000100000000)
  eden space 3072K, 100% used [0x00000000d5580000,0x00000000d5880000,0x00000000d5880000)
  from space 1024K, 57% used [0x00000000d5c00000,0x00000000d5c92910,0x00000000d5d00000)
  to   space 1024K, 0% used [0x00000000d5b00000,0x00000000d5b00000,0x00000000d5c00000)
 ParOldGen       total 995840K, used 380974K [0x0000000080000000, 0x00000000bcc80000, 0x00000000d5580000)
  object space 995840K, 38% used [0x0000000080000000,0x000000009740b870,0x00000000bcc80000)
 Metaspace       used 73185K, committed 74880K, reserved 1179648K
  class space    used 7458K, committed 8256K, reserved 1048576K
}
Event: 520.069 GC heap after
{Heap after GC invocations=1419 (full 4):
 PSYoungGen      total 4096K, used 362K [0x00000000d5580000, 0x00000000d5c80000, 0x0000000100000000)
  eden space 3072K, 0% used [0x00000000d5580000,0x00000000d5580000,0x00000000d5880000)
  from space 1024K, 35% used [0x00000000d5b00000,0x00000000d5b5a910,0x00000000d5c00000)
  to   space 512K, 0% used [0x00000000d5c00000,0x00000000d5c00000,0x00000000d5c80000)
 ParOldGen       total 995840K, used 381014K [0x0000000080000000, 0x00000000bcc80000, 0x00000000d5580000)
  object space 995840K, 38% used [0x0000000080000000,0x0000000097415870,0x00000000bcc80000)
 Metaspace       used 73185K, committed 74880K, reserved 1179648K
  class space    used 7458K, committed 8256K, reserved 1048576K
}
Event: 520.084 GC heap before
{Heap before GC invocations=1420 (full 4):
 PSYoungGen      total 4096K, used 3434K [0x00000000d5580000, 0x00000000d5c80000, 0x0000000100000000)
  eden space 3072K, 100% used [0x00000000d5580000,0x00000000d5880000,0x00000000d5880000)
  from space 1024K, 35% used [0x00000000d5b00000,0x00000000d5b5a910,0x00000000d5c00000)
  to   space 512K, 0% used [0x00000000d5c00000,0x00000000d5c00000,0x00000000d5c80000)
 ParOldGen       total 995840K, used 381014K [0x0000000080000000, 0x00000000bcc80000, 0x00000000d5580000)
  object space 995840K, 38% used [0x0000000080000000,0x0000000097415870,0x00000000bcc80000)
 Metaspace       used 73191K, committed 74880K, reserved 1179648K
  class space    used 7458K, committed 8256K, reserved 1048576K
}
Event: 520.086 GC heap after
{Heap after GC invocations=1420 (full 4):
 PSYoungGen      total 3584K, used 288K [0x00000000d5580000, 0x00000000d5c80000, 0x0000000100000000)
  eden space 3072K, 0% used [0x00000000d5580000,0x00000000d5580000,0x00000000d5880000)
  from space 512K, 56% used [0x00000000d5c00000,0x00000000d5c48000,0x00000000d5c80000)
  to   space 512K, 0% used [0x00000000d5b80000,0x00000000d5b80000,0x00000000d5c00000)
 ParOldGen       total 995840K, used 381046K [0x0000000080000000, 0x00000000bcc80000, 0x00000000d5580000)
  object space 995840K, 38% used [0x0000000080000000,0x000000009741d870,0x00000000bcc80000)
 Metaspace       used 73191K, committed 74880K, reserved 1179648K
  class space    used 7458K, committed 8256K, reserved 1048576K
}
Event: 520.096 GC heap before
{Heap before GC invocations=1421 (full 4):
 PSYoungGen      total 3584K, used 3360K [0x00000000d5580000, 0x00000000d5c80000, 0x0000000100000000)
  eden space 3072K, 100% used [0x00000000d5580000,0x00000000d5880000,0x00000000d5880000)
  from space 512K, 56% used [0x00000000d5c00000,0x00000000d5c48000,0x00000000d5c80000)
  to   space 512K, 0% used [0x00000000d5b80000,0x00000000d5b80000,0x00000000d5c00000)
 ParOldGen       total 995840K, used 381046K [0x0000000080000000, 0x00000000bcc80000, 0x00000000d5580000)
  object space 995840K, 38% used [0x0000000080000000,0x000000009741d870,0x00000000bcc80000)
 Metaspace       used 73192K, committed 74880K, reserved 1179648K
  class space    used 7458K, committed 8256K, reserved 1048576K
}
Event: 520.098 GC heap after
{Heap after GC invocations=1421 (full 4):
 PSYoungGen      total 3584K, used 506K [0x00000000d5580000, 0x00000000d5c80000, 0x0000000100000000)
  eden space 3072K, 0% used [0x00000000d5580000,0x00000000d5580000,0x00000000d5880000)
  from space 512K, 98% used [0x00000000d5b80000,0x00000000d5bfe900,0x00000000d5c00000)
  to   space 512K, 0% used [0x00000000d5c00000,0x00000000d5c00000,0x00000000d5c80000)
 ParOldGen       total 995840K, used 381110K [0x0000000080000000, 0x00000000bcc80000, 0x00000000d5580000)
  object space 995840K, 38% used [0x0000000080000000,0x000000009742d870,0x00000000bcc80000)
 Metaspace       used 73192K, committed 74880K, reserved 1179648K
  class space    used 7458K, committed 8256K, reserved 1048576K
}

