# JRE version: OpenJDK Runtime Environment Temurin-21.0.8+9 (21.0.8+9) (build 21.0.8+9-LTS)
# Java VM: OpenJDK 64-Bit Server VM Temurin-21.0.8+9 (21.0.8+9-LTS, mixed mode, sharing, tiered, compressed oops, compressed class ptrs, parallel gc, windows-amd64)
GC Precious Log:
 CardTable entry size: 512
 CPUs: 12 total, 12 available
 Memory: 5845M
 Large Page Support: Disabled
 NUMA Support: Disabled
 Compressed Oops: Enabled (32-bit)
 Alignments: Space 512K, Generation 512K, Heap 2M
 Heap Min Capacity: 100M
 Heap Initial Capacity: 100M
 Heap Max Capacity: 2G
 Pre-touch: Disabled
 Parallel Workers: 10
Heap:
 PSYoungGen      total 3072K, used 1272K [0x00000000d5580000, 0x00000000d5980000, 0x0000000100000000)
  eden space 2048K, 33% used [0x00000000d5580000,0x00000000d562e008,0x00000000d5780000)
  from space 1024K, 56% used [0x00000000d5880000,0x00000000d5910000,0x00000000d5980000)
  to   space 1024K, 0% used [0x00000000d5780000,0x00000000d5780000,0x00000000d5880000)
 ParOldGen       total 1064960K, used 247290K [0x0000000080000000, 0x00000000c1000000, 0x00000000d5580000)
  object space 1064960K, 23% used [0x0000000080000000,0x000000008f17e988,0x00000000c1000000)
 Metaspace       used 74879K, committed 76608K, reserved 1179648K
  class space    used 7608K, committed 8384K, reserved 1048576K
GC Heap History (20 events):
Event: 517.293 GC heap before
{Heap before GC invocations=1371 (full 4):
 PSYoungGen      total 2560K, used 2532K [0x00000000d5580000, 0x00000000d5980000, 0x0000000100000000)
  eden space 2048K, 99% used [0x00000000d5580000,0x00000000d577ffb8,0x00000000d5780000)
  from space 512K, 94% used [0x00000000d5880000,0x00000000d58f91d0,0x00000000d5900000)
  to   space 1024K, 0% used [0x00000000d5780000,0x00000000d5780000,0x00000000d5880000)
 ParOldGen       total 1064960K, used 243615K [0x0000000080000000, 0x00000000c1000000, 0x00000000d5580000)
  object space 1064960K, 22% used [0x0000000080000000,0x000000008ede7df8,0x00000000c1000000)
 Metaspace       used 74638K, committed 76352K, reserved 1179648K
  class space    used 7594K, committed 8384K, reserved 1048576K
}
Event: 519.304 GC heap after
{Heap after GC invocations=1371 (full 4):
 PSYoungGen      total 3072K, used 1018K [0x00000000d5580000, 0x00000000d5980000, 0x0000000100000000)
  eden space 2048K, 0% used [0x00000000d5580000,0x00000000d5580000,0x00000000d5780000)
  from space 1024K, 99% used [0x00000000d5780000,0x00000000d587e968,0x00000000d5880000)
  to   space 512K, 0% used [0x00000000d5880000,0x00000000d5880000,0x00000000d5900000)
 ParOldGen       total 1064960K, used 243928K [0x0000000080000000, 0x00000000c1000000, 0x00000000d5580000)
  object space 1064960K, 22% used [0x0000000080000000,0x000000008ee36330,0x00000000c1000000)
 Metaspace       used 74638K, committed 76352K, reserved 1179648K
  class space    used 7594K, committed 8384K, reserved 1048576K
}
Event: 519.310 GC heap before
{Heap before GC invocations=1372 (full 4):
 PSYoungGen      total 3072K, used 3066K [0x00000000d5580000, 0x00000000d5980000, 0x0000000100000000)
  eden space 2048K, 100% used [0x00000000d5580000,0x00000000d5780000,0x00000000d5780000)
  from space 1024K, 99% used [0x00000000d5780000,0x00000000d587e968,0x00000000d5880000)
  to   space 512K, 0% used [0x00000000d5880000,0x00000000d5880000,0x00000000d5900000)
 ParOldGen       total 1064960K, used 243928K [0x0000000080000000, 0x00000000c1000000, 0x00000000d5580000)
  object space 1064960K, 22% used [0x0000000080000000,0x000000008ee36330,0x00000000c1000000)
 Metaspace       used 74638K, committed 76352K, reserved 1179648K
  class space    used 7594K, committed 8384K, reserved 1048576K
}
Event: 520.322 GC heap after
{Heap after GC invocations=1372 (full 4):
 PSYoungGen      total 1536K, used 506K [0x00000000d5580000, 0x00000000d5b80000, 0x0000000100000000)
  eden space 1024K, 0% used [0x00000000d5580000,0x00000000d5580000,0x00000000d5680000)
  from space 512K, 98% used [0x00000000d5880000,0x00000000d58fe908,0x00000000d5900000)
  to   space 2048K, 0% used [0x00000000d5680000,0x00000000d5680000,0x00000000d5880000)
 ParOldGen       total 1064960K, used 245288K [0x0000000080000000, 0x00000000c1000000, 0x00000000d5580000)
  object space 1064960K, 23% used [0x0000000080000000,0x000000008ef8a180,0x00000000c1000000)
 Metaspace       used 74638K, committed 76352K, reserved 1179648K
  class space    used 7594K, committed 8384K, reserved 1048576K
}
Event: 520.327 GC heap before
{Heap before GC invocations=1373 (full 4):
 PSYoungGen      total 1536K, used 1506K [0x00000000d5580000, 0x00000000d5b80000, 0x0000000100000000)
  eden space 1024K, 97% used [0x00000000d5580000,0x00000000d567a030,0x00000000d5680000)
  from space 512K, 98% used [0x00000000d5880000,0x00000000d58fe908,0x00000000d5900000)
  to   space 2048K, 0% used [0x00000000d5680000,0x00000000d5680000,0x00000000d5880000)
 ParOldGen       total 1064960K, used 245288K [0x0000000080000000, 0x00000000c1000000, 0x00000000d5580000)
  object space 1064960K, 23% used [0x0000000080000000,0x000000008ef8a180,0x00000000c1000000)
 Metaspace       used 74639K, committed 76352K, reserved 1179648K
  class space    used 7594K, committed 8384K, reserved 1048576K
}
Event: 520.330 GC heap after
{Heap after GC invocations=1373 (full 4):
 PSYoungGen      total 1536K, used 224K [0x00000000d5580000, 0x00000000d5900000, 0x0000000100000000)
  eden space 1024K, 0% used [0x00000000d5580000,0x00000000d5580000,0x00000000d5680000)
  from space 512K, 43% used [0x00000000d5680000,0x00000000d56b8000,0x00000000d5700000)
  to   space 1024K, 0% used [0x00000000d5800000,0x00000000d5800000,0x00000000d5900000)
 ParOldGen       total 1064960K, used 245914K [0x0000000080000000, 0x00000000c1000000, 0x00000000d5580000)
  object space 1064960K, 23% used [0x0000000080000000,0x000000008f026be8,0x00000000c1000000)
 Metaspace       used 74639K, committed 76352K, reserved 1179648K
  class space    used 7594K, committed 8384K, reserved 1048576K
}
Event: 520.347 GC heap before
{Heap before GC invocations=1374 (full 4):
 PSYoungGen      total 1536K, used 1248K [0x00000000d5580000, 0x00000000d5900000, 0x0000000100000000)
  eden space 1024K, 100% used [0x00000000d5580000,0x00000000d5680000,0x00000000d5680000)
  from space 512K, 43% used [0x00000000d5680000,0x00000000d56b8000,0x00000000d5700000)
  to   space 1024K, 0% used [0x00000000d5800000,0x00000000d5800000,0x00000000d5900000)
 ParOldGen       total 1064960K, used 245914K [0x0000000080000000, 0x00000000c1000000, 0x00000000d5580000)
  object space 1064960K, 23% used [0x0000000080000000,0x000000008f026be8,0x00000000c1000000)
 Metaspace       used 74786K, committed 76480K, reserved 1179648K
  class space    used 7598K, committed 8384K, reserved 1048576K
}
Event: 520.348 GC heap after
{Heap after GC invocations=1374 (full 4):
 PSYoungGen      total 1536K, used 256K [0x00000000d5580000, 0x00000000d5880000, 0x0000000100000000)
  eden space 1024K, 0% used [0x00000000d5580000,0x00000000d5580000,0x00000000d5680000)
  from space 512K, 50% used [0x00000000d5800000,0x00000000d5840000,0x00000000d5880000)
  to   space 512K, 0% used [0x00000000d5680000,0x00000000d5680000,0x00000000d5700000)
 ParOldGen       total 1064960K, used 246010K [0x0000000080000000, 0x00000000c1000000, 0x00000000d5580000)
  object space 1064960K, 23% used [0x0000000080000000,0x000000008f03ebe8,0x00000000c1000000)
 Metaspace       used 74786K, committed 76480K, reserved 1179648K
  class space    used 7598K, committed 8384K, reserved 1048576K
}
Event: 520.351 GC heap before
{Heap before GC invocations=1375 (full 4):
 PSYoungGen      total 1536K, used 1280K [0x00000000d5580000, 0x00000000d5880000, 0x0000000100000000)
  eden space 1024K, 100% used [0x00000000d5580000,0x00000000d5680000,0x00000000d5680000)
  from space 512K, 50% used [0x00000000d5800000,0x00000000d5840000,0x00000000d5880000)
  to   space 512K, 0% used [0x00000000d5680000,0x00000000d5680000,0x00000000d5700000)
 ParOldGen       total 1064960K, used 246010K [0x0000000080000000, 0x00000000c1000000, 0x00000000d5580000)
  object space 1064960K, 23% used [0x0000000080000000,0x000000008f03ebe8,0x00000000c1000000)
 Metaspace       used 74786K, committed 76480K, reserved 1179648K
  class space    used 7598K, committed 8384K, reserved 1048576K
}
Event: 520.352 GC heap after
{Heap after GC invocations=1375 (full 4):
 PSYoungGen      total 1536K, used 330K [0x00000000d5580000, 0x00000000d5880000, 0x0000000100000000)
  eden space 1024K, 0% used [0x00000000d5580000,0x00000000d5580000,0x00000000d5680000)
  from space 512K, 64% used [0x00000000d5680000,0x00000000d56d2a10,0x00000000d5700000)
  to   space 512K, 0% used [0x00000000d5800000,0x00000000d5800000,0x00000000d5880000)
 ParOldGen       total 1064960K, used 246074K [0x0000000080000000, 0x00000000c1000000, 0x00000000d5580000)
  object space 1064960K, 23% used [0x0000000080000000,0x000000008f04ebe8,0x00000000c1000000)
 Metaspace       used 74786K, committed 76480K, reserved 1179648K
  class space    used 7598K, committed 8384K, reserved 1048576K
}
Event: 520.355 GC heap before
{Heap before GC invocations=1376 (full 4):
 PSYoungGen      total 1536K, used 1354K [0x00000000d5580000, 0x00000000d5880000, 0x0000000100000000)
  eden space 1024K, 100% used [0x00000000d5580000,0x00000000d5680000,0x00000000d5680000)
  from space 512K, 64% used [0x00000000d5680000,0x00000000d56d2a10,0x00000000d5700000)
  to   space 512K, 0% used [0x00000000d5800000,0x00000000d5800000,0x00000000d5880000)
 ParOldGen       total 1064960K, used 246074K [0x0000000080000000, 0x00000000c1000000, 0x00000000d5580000)
  object space 1064960K, 23% used [0x0000000080000000,0x000000008f04ebe8,0x00000000c1000000)
 Metaspace       used 74786K, committed 76480K, reserved 1179648K
  class space    used 7598K, committed 8384K, reserved 1048576K
}
Event: 520.357 GC heap after
{Heap after GC invocations=1376 (full 4):
 PSYoungGen      total 1536K, used 432K [0x00000000d5580000, 0x00000000d5880000, 0x0000000100000000)
  eden space 1024K, 0% used [0x00000000d5580000,0x00000000d5580000,0x00000000d5680000)
  from space 512K, 84% used [0x00000000d5800000,0x00000000d586c010,0x00000000d5880000)
  to   space 512K, 0% used [0x00000000d5680000,0x00000000d5680000,0x00000000d5700000)
 ParOldGen       total 1064960K, used 246237K [0x0000000080000000, 0x00000000c1000000, 0x00000000d5580000)
  object space 1064960K, 23% used [0x0000000080000000,0x000000008f0775f8,0x00000000c1000000)
 Metaspace       used 74786K, committed 76480K, reserved 1179648K
  class space    used 7598K, committed 8384K, reserved 1048576K
}
Event: 520.360 GC heap before
{Heap before GC invocations=1377 (full 4):
 PSYoungGen      total 1536K, used 1456K [0x00000000d5580000, 0x00000000d5880000, 0x0000000100000000)
  eden space 1024K, 100% used [0x00000000d5580000,0x00000000d5680000,0x00000000d5680000)
  from space 512K, 84% used [0x00000000d5800000,0x00000000d586c010,0x00000000d5880000)
  to   space 512K, 0% used [0x00000000d5680000,0x00000000d5680000,0x00000000d5700000)
 ParOldGen       total 1064960K, used 246237K [0x0000000080000000, 0x00000000c1000000, 0x00000000d5580000)
  object space 1064960K, 23% used [0x0000000080000000,0x000000008f0775f8,0x00000000c1000000)
 Metaspace       used 74786K, committed 76480K, reserved 1179648K
  class space    used 7598K, committed 8384K, reserved 1048576K
}
Event: 520.362 GC heap after
{Heap after GC invocations=1377 (full 4):
 PSYoungGen      total 1536K, used 352K [0x00000000d5580000, 0x00000000d5880000, 0x0000000100000000)
  eden space 1024K, 0% used [0x00000000d5580000,0x00000000d5580000,0x00000000d5680000)
  from space 512K, 68% used [0x00000000d5680000,0x00000000d56d8000,0x00000000d5700000)
  to   space 512K, 0% used [0x00000000d5800000,0x00000000d5800000,0x00000000d5880000)
 ParOldGen       total 1064960K, used 246565K [0x0000000080000000, 0x00000000c1000000, 0x00000000d5580000)
  object space 1064960K, 23% used [0x0000000080000000,0x000000008f0c9608,0x00000000c1000000)
 Metaspace       used 74786K, committed 76480K, reserved 1179648K
  class space    used 7598K, committed 8384K, reserved 1048576K
}
Event: 520.367 GC heap before
{Heap before GC invocations=1378 (full 4):
 PSYoungGen      total 1536K, used 1376K [0x00000000d5580000, 0x00000000d5880000, 0x0000000100000000)
  eden space 1024K, 100% used [0x00000000d5580000,0x00000000d5680000,0x00000000d5680000)
  from space 512K, 68% used [0x00000000d5680000,0x00000000d56d8000,0x00000000d5700000)
  to   space 512K, 0% used [0x00000000d5800000,0x00000000d5800000,0x00000000d5880000)
 ParOldGen       total 1064960K, used 246565K [0x0000000080000000, 0x00000000c1000000, 0x00000000d5580000)
  object space 1064960K, 23% used [0x0000000080000000,0x000000008f0c9608,0x00000000c1000000)
 Metaspace       used 74786K, committed 76480K, reserved 1179648K
  class space    used 7598K, committed 8384K, reserved 1048576K
}
Event: 520.369 GC heap after
{Heap after GC invocations=1378 (full 4):
 PSYoungGen      total 2048K, used 448K [0x00000000d5580000, 0x00000000d5880000, 0x0000000100000000)
  eden space 1536K, 0% used [0x00000000d5580000,0x00000000d5580000,0x00000000d5700000)
  from space 512K, 87% used [0x00000000d5800000,0x00000000d5870000,0x00000000d5880000)
  to   space 512K, 0% used [0x00000000d5780000,0x00000000d5780000,0x00000000d5800000)
 ParOldGen       total 1064960K, used 246781K [0x0000000080000000, 0x00000000c1000000, 0x00000000d5580000)
  object space 1064960K, 23% used [0x0000000080000000,0x000000008f0ff608,0x00000000c1000000)
 Metaspace       used 74786K, committed 76480K, reserved 1179648K
  class space    used 7598K, committed 8384K, reserved 1048576K
}
Event: 520.378 GC heap before
{Heap before GC invocations=1379 (full 4):
 PSYoungGen      total 2048K, used 1984K [0x00000000d5580000, 0x00000000d5880000, 0x0000000100000000)
  eden space 1536K, 100% used [0x00000000d5580000,0x00000000d5700000,0x00000000d5700000)
  from space 512K, 87% used [0x00000000d5800000,0x00000000d5870000,0x00000000d5880000)
  to   space 512K, 0% used [0x00000000d5780000,0x00000000d5780000,0x00000000d5800000)
 ParOldGen       total 1064960K, used 246781K [0x0000000080000000, 0x00000000c1000000, 0x00000000d5580000)
  object space 1064960K, 23% used [0x0000000080000000,0x000000008f0ff608,0x00000000c1000000)
 Metaspace       used 74787K, committed 76480K, reserved 1179648K
  class space    used 7598K, committed 8384K, reserved 1048576K
}
Event: 520.380 GC heap after
{Heap after GC invocations=1379 (full 4):
 PSYoungGen      total 2560K, used 512K [0x00000000d5580000, 0x00000000d5980000, 0x0000000100000000)
  eden space 2048K, 0% used [0x00000000d5580000,0x00000000d5580000,0x00000000d5780000)
  from space 512K, 100% used [0x00000000d5780000,0x00000000d5800000,0x00000000d5800000)
  to   space 1024K, 0% used [0x00000000d5880000,0x00000000d5880000,0x00000000d5980000)
 ParOldGen       total 1064960K, used 247082K [0x0000000080000000, 0x00000000c1000000, 0x00000000d5580000)
  object space 1064960K, 23% used [0x0000000080000000,0x000000008f14a988,0x00000000c1000000)
 Metaspace       used 74787K, committed 76480K, reserved 1179648K
  class space    used 7598K, committed 8384K, reserved 1048576K
}
Event: 520.396 GC heap before
{Heap before GC invocations=1380 (full 4):
 PSYoungGen      total 2560K, used 2560K [0x00000000d5580000, 0x00000000d5980000, 0x0000000100000000)
  eden space 2048K, 100% used [0x00000000d5580000,0x00000000d5780000,0x00000000d5780000)
  from space 512K, 100% used [0x00000000d5780000,0x00000000d5800000,0x00000000d5800000)
  to   space 1024K, 0% used [0x00000000d5880000,0x00000000d5880000,0x00000000d5980000)
 ParOldGen       total 1064960K, used 247082K [0x0000000080000000, 0x00000000c1000000, 0x00000000d5580000)
  object space 1064960K, 23% used [0x0000000080000000,0x000000008f14a988,0x00000000c1000000)
 Metaspace       used 74814K, committed 76544K, reserved 1179648K
  class space    used 7598K, committed 8384K, reserved 1048576K
}
Event: 520.398 GC heap after
{Heap after GC invocations=1380 (full 4):
 PSYoungGen      total 3072K, used 576K [0x00000000d5580000, 0x00000000d5980000, 0x0000000100000000)
  eden space 2048K, 0% used [0x00000000d5580000,0x00000000d5580000,0x00000000d5780000)
  from space 1024K, 56% used [0x00000000d5880000,0x00000000d5910000,0x00000000d5980000)
  to   space 1024K, 0% used [0x00000000d5780000,0x00000000d5780000,0x00000000d5880000)
 ParOldGen       total 1064960K, used 247290K [0x0000000080000000, 0x00000000c1000000, 0x00000000d5580000)
  object space 1064960K, 23% used [0x0000000080000000,0x000000008f17e988,0x00000000c1000000)
 Metaspace       used 74814K, committed 76544K, reserved 1179648K
  class space    used 7598K, committed 8384K, reserved 1048576K
}

