# JRE version: OpenJDK Runtime Environment Temurin-21.0.8+9 (21.0.8+9) (build 21.0.8+9-LTS)
# Java VM: OpenJDK 64-Bit Server VM Temurin-21.0.8+9 (21.0.8+9-LTS, mixed mode, sharing, tiered, compressed oops, compressed class ptrs, parallel gc, windows-amd64)
GC Precious Log:
 CardTable entry size: 512
 CPUs: 12 total, 12 available
 Memory: 5845M
 Large Page Support: Disabled
 NUMA Support: Disabled
 Compressed Oops: Enabled (32-bit)
 Alignments: Space 512K, Generation 512K, Heap 2M
 Heap Min Capacity: 100M
 Heap Initial Capacity: 100M
 Heap Max Capacity: 2G
 Pre-touch: Disabled
 Parallel Workers: 10
Heap:
 PSYoungGen      total 13312K, used 13136K [0x00000000d5580000, 0x00000000d6500000, 0x0000000100000000)
  eden space 12288K, 100% used [0x00000000d5580000,0x00000000d6180000,0x00000000d6180000)
  from space 1024K, 82% used [0x00000000d6400000,0x00000000d64d4000,0x00000000d6500000)
  to   space 1536K, 55% used [0x00000000d6200000,0x00000000d62d7098,0x00000000d6380000)
 ParOldGen       total 349184K, used 349180K [0x0000000080000000, 0x0000000095500000, 0x00000000d5580000)
  object space 349184K, 99% used [0x0000000080000000,0x00000000954ff2d0,0x0000000095500000)
 Metaspace       used 62894K, committed 64448K, reserved 1114112K
  class space    used 6677K, committed 7360K, reserved 1048576K
GC Heap History (20 events):
Event: 16.800 GC heap after
{Heap after GC invocations=504 (full 3):
 PSYoungGen      total 8192K, used 667K [0x00000000d5580000, 0x00000000d5f80000, 0x0000000100000000)
  eden space 6656K, 0% used [0x00000000d5580000,0x00000000d5580000,0x00000000d5c00000)
  from space 1536K, 43% used [0x00000000d5c00000,0x00000000d5ca6f48,0x00000000d5d80000)
  to   space 1024K, 0% used [0x00000000d5e80000,0x00000000d5e80000,0x00000000d5f80000)
 ParOldGen       total 341504K, used 341412K [0x0000000080000000, 0x0000000094d80000, 0x00000000d5580000)
  object space 341504K, 99% used [0x0000000080000000,0x0000000094d693e8,0x0000000094d80000)
 Metaspace       used 62892K, committed 64448K, reserved 1114112K
  class space    used 6677K, committed 7360K, reserved 1048576K
}
Event: 16.806 GC heap before
{Heap before GC invocations=505 (full 3):
 PSYoungGen      total 8192K, used 7323K [0x00000000d5580000, 0x00000000d5f80000, 0x0000000100000000)
  eden space 6656K, 100% used [0x00000000d5580000,0x00000000d5c00000,0x00000000d5c00000)
  from space 1536K, 43% used [0x00000000d5c00000,0x00000000d5ca6f48,0x00000000d5d80000)
  to   space 1024K, 0% used [0x00000000d5e80000,0x00000000d5e80000,0x00000000d5f80000)
 ParOldGen       total 341504K, used 341412K [0x0000000080000000, 0x0000000094d80000, 0x00000000d5580000)
  object space 341504K, 99% used [0x0000000080000000,0x0000000094d693e8,0x0000000094d80000)
 Metaspace       used 62892K, committed 64448K, reserved 1114112K
  class space    used 6677K, committed 7360K, reserved 1048576K
}
Event: 16.808 GC heap after
{Heap after GC invocations=505 (full 3):
 PSYoungGen      total 9216K, used 672K [0x00000000d5580000, 0x00000000d5f80000, 0x0000000100000000)
  eden space 8192K, 0% used [0x00000000d5580000,0x00000000d5580000,0x00000000d5d80000)
  from space 1024K, 65% used [0x00000000d5e80000,0x00000000d5f28000,0x00000000d5f80000)
  to   space 1024K, 0% used [0x00000000d5d80000,0x00000000d5d80000,0x00000000d5e80000)
 ParOldGen       total 342016K, used 341896K [0x0000000080000000, 0x0000000094e00000, 0x00000000d5580000)
  object space 342016K, 99% used [0x0000000080000000,0x0000000094de2330,0x0000000094e00000)
 Metaspace       used 62892K, committed 64448K, reserved 1114112K
  class space    used 6677K, committed 7360K, reserved 1048576K
}
Event: 16.816 GC heap before
{Heap before GC invocations=506 (full 3):
 PSYoungGen      total 9216K, used 8864K [0x00000000d5580000, 0x00000000d5f80000, 0x0000000100000000)
  eden space 8192K, 100% used [0x00000000d5580000,0x00000000d5d80000,0x00000000d5d80000)
  from space 1024K, 65% used [0x00000000d5e80000,0x00000000d5f28000,0x00000000d5f80000)
  to   space 1024K, 0% used [0x00000000d5d80000,0x00000000d5d80000,0x00000000d5e80000)
 ParOldGen       total 342016K, used 341896K [0x0000000080000000, 0x0000000094e00000, 0x00000000d5580000)
  object space 342016K, 99% used [0x0000000080000000,0x0000000094de2330,0x0000000094e00000)
 Metaspace       used 62894K, committed 64448K, reserved 1114112K
  class space    used 6677K, committed 7360K, reserved 1048576K
}
Event: 16.819 GC heap after
{Heap after GC invocations=506 (full 3):
 PSYoungGen      total 9216K, used 873K [0x00000000d5580000, 0x00000000d6180000, 0x0000000100000000)
  eden space 8192K, 0% used [0x00000000d5580000,0x00000000d5580000,0x00000000d5d80000)
  from space 1024K, 85% used [0x00000000d5d80000,0x00000000d5e5a4d0,0x00000000d5e80000)
  to   space 1024K, 0% used [0x00000000d6080000,0x00000000d6080000,0x00000000d6180000)
 ParOldGen       total 342528K, used 342408K [0x0000000080000000, 0x0000000094e80000, 0x00000000d5580000)
  object space 342528K, 99% used [0x0000000080000000,0x0000000094e62340,0x0000000094e80000)
 Metaspace       used 62894K, committed 64448K, reserved 1114112K
  class space    used 6677K, committed 7360K, reserved 1048576K
}
Event: 16.828 GC heap before
{Heap before GC invocations=507 (full 3):
 PSYoungGen      total 9216K, used 9065K [0x00000000d5580000, 0x00000000d6180000, 0x0000000100000000)
  eden space 8192K, 100% used [0x00000000d5580000,0x00000000d5d80000,0x00000000d5d80000)
  from space 1024K, 85% used [0x00000000d5d80000,0x00000000d5e5a4d0,0x00000000d5e80000)
  to   space 1024K, 0% used [0x00000000d6080000,0x00000000d6080000,0x00000000d6180000)
 ParOldGen       total 342528K, used 342408K [0x0000000080000000, 0x0000000094e80000, 0x00000000d5580000)
  object space 342528K, 99% used [0x0000000080000000,0x0000000094e62340,0x0000000094e80000)
 Metaspace       used 62894K, committed 64448K, reserved 1114112K
  class space    used 6677K, committed 7360K, reserved 1048576K
}
Event: 16.831 GC heap after
{Heap after GC invocations=507 (full 3):
 PSYoungGen      total 11264K, used 815K [0x00000000d5580000, 0x00000000d6180000, 0x0000000100000000)
  eden space 10240K, 0% used [0x00000000d5580000,0x00000000d5580000,0x00000000d5f80000)
  from space 1024K, 79% used [0x00000000d6080000,0x00000000d614be80,0x00000000d6180000)
  to   space 1024K, 0% used [0x00000000d5f80000,0x00000000d5f80000,0x00000000d6080000)
 ParOldGen       total 343552K, used 343098K [0x0000000080000000, 0x0000000094f80000, 0x00000000d5580000)
  object space 343552K, 99% used [0x0000000080000000,0x0000000094f0e810,0x0000000094f80000)
 Metaspace       used 62894K, committed 64448K, reserved 1114112K
  class space    used 6677K, committed 7360K, reserved 1048576K
}
Event: 16.840 GC heap before
{Heap before GC invocations=508 (full 3):
 PSYoungGen      total 11264K, used 11055K [0x00000000d5580000, 0x00000000d6180000, 0x0000000100000000)
  eden space 10240K, 100% used [0x00000000d5580000,0x00000000d5f80000,0x00000000d5f80000)
  from space 1024K, 79% used [0x00000000d6080000,0x00000000d614be80,0x00000000d6180000)
  to   space 1024K, 0% used [0x00000000d5f80000,0x00000000d5f80000,0x00000000d6080000)
 ParOldGen       total 343552K, used 343098K [0x0000000080000000, 0x0000000094f80000, 0x00000000d5580000)
  object space 343552K, 99% used [0x0000000080000000,0x0000000094f0e810,0x0000000094f80000)
 Metaspace       used 62894K, committed 64448K, reserved 1114112K
  class space    used 6677K, committed 7360K, reserved 1048576K
}
Event: 16.843 GC heap after
{Heap after GC invocations=508 (full 3):
 PSYoungGen      total 11264K, used 1022K [0x00000000d5580000, 0x00000000d6580000, 0x0000000100000000)
  eden space 10240K, 0% used [0x00000000d5580000,0x00000000d5580000,0x00000000d5f80000)
  from space 1024K, 99% used [0x00000000d5f80000,0x00000000d607fae8,0x00000000d6080000)
  to   space 2048K, 0% used [0x00000000d6380000,0x00000000d6380000,0x00000000d6580000)
 ParOldGen       total 344064K, used 343762K [0x0000000080000000, 0x0000000095000000, 0x00000000d5580000)
  object space 344064K, 99% used [0x0000000080000000,0x0000000094fb4bb0,0x0000000095000000)
 Metaspace       used 62894K, committed 64448K, reserved 1114112K
  class space    used 6677K, committed 7360K, reserved 1048576K
}
Event: 16.852 GC heap before
{Heap before GC invocations=509 (full 3):
 PSYoungGen      total 11264K, used 11262K [0x00000000d5580000, 0x00000000d6580000, 0x0000000100000000)
  eden space 10240K, 100% used [0x00000000d5580000,0x00000000d5f80000,0x00000000d5f80000)
  from space 1024K, 99% used [0x00000000d5f80000,0x00000000d607fae8,0x00000000d6080000)
  to   space 2048K, 0% used [0x00000000d6380000,0x00000000d6380000,0x00000000d6580000)
 ParOldGen       total 344064K, used 343762K [0x0000000080000000, 0x0000000095000000, 0x00000000d5580000)
  object space 344064K, 99% used [0x0000000080000000,0x0000000094fb4bb0,0x0000000095000000)
 Metaspace       used 62894K, committed 64448K, reserved 1114112K
  class space    used 6677K, committed 7360K, reserved 1048576K
}
Event: 16.854 GC heap after
{Heap after GC invocations=509 (full 3):
 PSYoungGen      total 14336K, used 1522K [0x00000000d5580000, 0x00000000d6580000, 0x0000000100000000)
  eden space 12288K, 0% used [0x00000000d5580000,0x00000000d5580000,0x00000000d6180000)
  from space 2048K, 74% used [0x00000000d6380000,0x00000000d64fcb20,0x00000000d6580000)
  to   space 2048K, 0% used [0x00000000d6180000,0x00000000d6180000,0x00000000d6380000)
 ParOldGen       total 345088K, used 344682K [0x0000000080000000, 0x0000000095100000, 0x00000000d5580000)
  object space 345088K, 99% used [0x0000000080000000,0x000000009509aa68,0x0000000095100000)
 Metaspace       used 62894K, committed 64448K, reserved 1114112K
  class space    used 6677K, committed 7360K, reserved 1048576K
}
Event: 16.867 GC heap before
{Heap before GC invocations=510 (full 3):
 PSYoungGen      total 14336K, used 13810K [0x00000000d5580000, 0x00000000d6580000, 0x0000000100000000)
  eden space 12288K, 100% used [0x00000000d5580000,0x00000000d6180000,0x00000000d6180000)
  from space 2048K, 74% used [0x00000000d6380000,0x00000000d64fcb20,0x00000000d6580000)
  to   space 2048K, 0% used [0x00000000d6180000,0x00000000d6180000,0x00000000d6380000)
 ParOldGen       total 345088K, used 344682K [0x0000000080000000, 0x0000000095100000, 0x00000000d5580000)
  object space 345088K, 99% used [0x0000000080000000,0x000000009509aa68,0x0000000095100000)
 Metaspace       used 62894K, committed 64448K, reserved 1114112K
  class space    used 6677K, committed 7360K, reserved 1048576K
}
Event: 16.869 GC heap after
{Heap after GC invocations=510 (full 3):
 PSYoungGen      total 13312K, used 832K [0x00000000d5580000, 0x00000000d6480000, 0x0000000100000000)
  eden space 12288K, 0% used [0x00000000d5580000,0x00000000d5580000,0x00000000d6180000)
  from space 1024K, 81% used [0x00000000d6180000,0x00000000d6250000,0x00000000d6280000)
  to   space 1536K, 0% used [0x00000000d6300000,0x00000000d6300000,0x00000000d6480000)
 ParOldGen       total 346112K, used 346039K [0x0000000080000000, 0x0000000095200000, 0x00000000d5580000)
  object space 346112K, 99% used [0x0000000080000000,0x00000000951eded8,0x0000000095200000)
 Metaspace       used 62894K, committed 64448K, reserved 1114112K
  class space    used 6677K, committed 7360K, reserved 1048576K
}
Event: 16.883 GC heap before
{Heap before GC invocations=511 (full 3):
 PSYoungGen      total 13312K, used 13120K [0x00000000d5580000, 0x00000000d6480000, 0x0000000100000000)
  eden space 12288K, 100% used [0x00000000d5580000,0x00000000d6180000,0x00000000d6180000)
  from space 1024K, 81% used [0x00000000d6180000,0x00000000d6250000,0x00000000d6280000)
  to   space 1536K, 0% used [0x00000000d6300000,0x00000000d6300000,0x00000000d6480000)
 ParOldGen       total 346112K, used 346039K [0x0000000080000000, 0x0000000095200000, 0x00000000d5580000)
  object space 346112K, 99% used [0x0000000080000000,0x00000000951eded8,0x0000000095200000)
 Metaspace       used 62894K, committed 64448K, reserved 1114112K
  class space    used 6677K, committed 7360K, reserved 1048576K
}
Event: 16.885 GC heap after
{Heap after GC invocations=511 (full 3):
 PSYoungGen      total 13312K, used 973K [0x00000000d5580000, 0x00000000d6400000, 0x0000000100000000)
  eden space 12288K, 0% used [0x00000000d5580000,0x00000000d5580000,0x00000000d6180000)
  from space 1024K, 95% used [0x00000000d6300000,0x00000000d63f37a0,0x00000000d6400000)
  to   space 1024K, 0% used [0x00000000d6180000,0x00000000d6180000,0x00000000d6280000)
 ParOldGen       total 347136K, used 346707K [0x0000000080000000, 0x0000000095300000, 0x00000000d5580000)
  object space 347136K, 99% used [0x0000000080000000,0x0000000095294ed0,0x0000000095300000)
 Metaspace       used 62894K, committed 64448K, reserved 1114112K
  class space    used 6677K, committed 7360K, reserved 1048576K
}
Event: 16.896 GC heap before
{Heap before GC invocations=512 (full 3):
 PSYoungGen      total 13312K, used 13261K [0x00000000d5580000, 0x00000000d6400000, 0x0000000100000000)
  eden space 12288K, 100% used [0x00000000d5580000,0x00000000d6180000,0x00000000d6180000)
  from space 1024K, 95% used [0x00000000d6300000,0x00000000d63f37a0,0x00000000d6400000)
  to   space 1024K, 0% used [0x00000000d6180000,0x00000000d6180000,0x00000000d6280000)
 ParOldGen       total 347136K, used 346707K [0x0000000080000000, 0x0000000095300000, 0x00000000d5580000)
  object space 347136K, 99% used [0x0000000080000000,0x0000000095294ed0,0x0000000095300000)
 Metaspace       used 62894K, committed 64448K, reserved 1114112K
  class space    used 6677K, committed 7360K, reserved 1048576K
}
Event: 16.899 GC heap after
{Heap after GC invocations=512 (full 3):
 PSYoungGen      total 13312K, used 1012K [0x00000000d5580000, 0x00000000d6680000, 0x0000000100000000)
  eden space 12288K, 0% used [0x00000000d5580000,0x00000000d5580000,0x00000000d6180000)
  from space 1024K, 98% used [0x00000000d6180000,0x00000000d627d0e0,0x00000000d6280000)
  to   space 2560K, 0% used [0x00000000d6400000,0x00000000d6400000,0x00000000d6680000)
 ParOldGen       total 348160K, used 347902K [0x0000000080000000, 0x0000000095400000, 0x00000000d5580000)
  object space 348160K, 99% used [0x0000000080000000,0x00000000953bf828,0x0000000095400000)
 Metaspace       used 62894K, committed 64448K, reserved 1114112K
  class space    used 6677K, committed 7360K, reserved 1048576K
}
Event: 16.911 GC heap before
{Heap before GC invocations=513 (full 3):
 PSYoungGen      total 13312K, used 13300K [0x00000000d5580000, 0x00000000d6680000, 0x0000000100000000)
  eden space 12288K, 100% used [0x00000000d5580000,0x00000000d6180000,0x00000000d6180000)
  from space 1024K, 98% used [0x00000000d6180000,0x00000000d627d0e0,0x00000000d6280000)
  to   space 2560K, 0% used [0x00000000d6400000,0x00000000d6400000,0x00000000d6680000)
 ParOldGen       total 348160K, used 347902K [0x0000000080000000, 0x0000000095400000, 0x00000000d5580000)
  object space 348160K, 99% used [0x0000000080000000,0x00000000953bf828,0x0000000095400000)
 Metaspace       used 62894K, committed 64448K, reserved 1114112K
  class space    used 6677K, committed 7360K, reserved 1048576K
}
Event: 16.913 GC heap after
{Heap after GC invocations=513 (full 3):
 PSYoungGen      total 13312K, used 848K [0x00000000d5580000, 0x00000000d6500000, 0x0000000100000000)
  eden space 12288K, 0% used [0x00000000d5580000,0x00000000d5580000,0x00000000d6180000)
  from space 1024K, 82% used [0x00000000d6400000,0x00000000d64d4000,0x00000000d6500000)
  to   space 1536K, 0% used [0x00000000d6200000,0x00000000d6200000,0x00000000d6380000)
 ParOldGen       total 349184K, used 348716K [0x0000000080000000, 0x0000000095500000, 0x00000000d5580000)
  object space 349184K, 99% used [0x0000000080000000,0x000000009548b2d0,0x0000000095500000)
 Metaspace       used 62894K, committed 64448K, reserved 1114112K
  class space    used 6677K, committed 7360K, reserved 1048576K
}
Event: 16.923 GC heap before
{Heap before GC invocations=514 (full 3):
 PSYoungGen      total 13312K, used 13136K [0x00000000d5580000, 0x00000000d6500000, 0x0000000100000000)
  eden space 12288K, 100% used [0x00000000d5580000,0x00000000d6180000,0x00000000d6180000)
  from space 1024K, 82% used [0x00000000d6400000,0x00000000d64d4000,0x00000000d6500000)
  to   space 1536K, 0% used [0x00000000d6200000,0x00000000d6200000,0x00000000d6380000)
 ParOldGen       total 349184K, used 348716K [0x0000000080000000, 0x0000000095500000, 0x00000000d5580000)
  object space 349184K, 99% used [0x0000000080000000,0x000000009548b2d0,0x0000000095500000)
 Metaspace       used 62894K, committed 64448K, reserved 1114112K
  class space    used 6677K, committed 7360K, reserved 1048576K
}

