# JRE version: OpenJDK Runtime Environment Temurin-21.0.8+9 (21.0.8+9) (build 21.0.8+9-LTS)
# Java VM: OpenJDK 64-Bit Server VM Temurin-21.0.8+9 (21.0.8+9-LTS, mixed mode, sharing, tiered, compressed oops, compressed class ptrs, parallel gc, windows-amd64)
GC Precious Log:
 CardTable entry size: 512
 CPUs: 12 total, 12 available
 Memory: 5845M
 Large Page Support: Disabled
 NUMA Support: Disabled
 Compressed Oops: Enabled (32-bit)
 Alignments: Space 512K, Generation 512K, Heap 2M
 Heap Min Capacity: 100M
 Heap Initial Capacity: 100M
 Heap Max Capacity: 2G
 Pre-touch: Disabled
 Parallel Workers: 10
Heap:
 PSYoungGen      total 13312K, used 4436K [0x00000000d5580000, 0x00000000d6500000, 0x0000000100000000)
  eden space 12288K, 27% used [0x00000000d5580000,0x00000000d58da728,0x00000000d6180000)
  from space 1024K, 97% used [0x00000000d6400000,0x00000000d64fa930,0x00000000d6500000)
  to   space 1536K, 0% used [0x00000000d6200000,0x00000000d6200000,0x00000000d6380000)
 ParOldGen       total 704512K, used 704181K [0x0000000080000000, 0x00000000ab000000, 0x00000000d5580000)
  object space 704512K, 99% used [0x0000000080000000,0x00000000aafad648,0x00000000ab000000)
 Metaspace       used 67083K, committed 68800K, reserved 1114112K
  class space    used 7054K, committed 7808K, reserved 1048576K
GC Heap History (20 events):
Event: 111.038 GC heap before
{Heap before GC invocations=750 (full 4):
 PSYoungGen      total 13312K, used 13306K [0x00000000d5580000, 0x00000000d6700000, 0x0000000100000000)
  eden space 12288K, 100% used [0x00000000d5580000,0x00000000d6180000,0x00000000d6180000)
  from space 1024K, 99% used [0x00000000d6600000,0x00000000d66fe900,0x00000000d6700000)
  to   space 1536K, 0% used [0x00000000d6400000,0x00000000d6400000,0x00000000d6580000)
 ParOldGen       total 702976K, used 702734K [0x0000000080000000, 0x00000000aae80000, 0x00000000d5580000)
  object space 702976K, 99% used [0x0000000080000000,0x00000000aae43b48,0x00000000aae80000)
 Metaspace       used 66244K, committed 67840K, reserved 1114112K
  class space    used 7012K, committed 7744K, reserved 1048576K
}
Event: 111.040 GC heap after
{Heap after GC invocations=750 (full 4):
 PSYoungGen      total 13824K, used 1460K [0x00000000d5580000, 0x00000000d6680000, 0x0000000100000000)
  eden space 12288K, 0% used [0x00000000d5580000,0x00000000d5580000,0x00000000d6180000)
  from space 1536K, 95% used [0x00000000d6400000,0x00000000d656d200,0x00000000d6580000)
  to   space 1024K, 0% used [0x00000000d6580000,0x00000000d6580000,0x00000000d6680000)
 ParOldGen       total 702976K, used 702734K [0x0000000080000000, 0x00000000aae80000, 0x00000000d5580000)
  object space 702976K, 99% used [0x0000000080000000,0x00000000aae43b48,0x00000000aae80000)
 Metaspace       used 66244K, committed 67840K, reserved 1114112K
  class space    used 7012K, committed 7744K, reserved 1048576K
}
Event: 111.176 GC heap before
{Heap before GC invocations=751 (full 4):
 PSYoungGen      total 13824K, used 13748K [0x00000000d5580000, 0x00000000d6680000, 0x0000000100000000)
  eden space 12288K, 100% used [0x00000000d5580000,0x00000000d6180000,0x00000000d6180000)
  from space 1536K, 95% used [0x00000000d6400000,0x00000000d656d200,0x00000000d6580000)
  to   space 1024K, 0% used [0x00000000d6580000,0x00000000d6580000,0x00000000d6680000)
 ParOldGen       total 702976K, used 702734K [0x0000000080000000, 0x00000000aae80000, 0x00000000d5580000)
  object space 702976K, 99% used [0x0000000080000000,0x00000000aae43b48,0x00000000aae80000)
 Metaspace       used 66317K, committed 67904K, reserved 1114112K
  class space    used 7021K, committed 7744K, reserved 1048576K
}
Event: 111.178 GC heap after
{Heap after GC invocations=751 (full 4):
 PSYoungGen      total 13312K, used 1012K [0x00000000d5580000, 0x00000000d6680000, 0x0000000100000000)
  eden space 12288K, 0% used [0x00000000d5580000,0x00000000d5580000,0x00000000d6180000)
  from space 1024K, 98% used [0x00000000d6580000,0x00000000d667d200,0x00000000d6680000)
  to   space 1536K, 0% used [0x00000000d6380000,0x00000000d6380000,0x00000000d6500000)
 ParOldGen       total 702976K, used 702766K [0x0000000080000000, 0x00000000aae80000, 0x00000000d5580000)
  object space 702976K, 99% used [0x0000000080000000,0x00000000aae4bb48,0x00000000aae80000)
 Metaspace       used 66317K, committed 67904K, reserved 1114112K
  class space    used 7021K, committed 7744K, reserved 1048576K
}
Event: 111.213 GC heap before
{Heap before GC invocations=752 (full 4):
 PSYoungGen      total 13312K, used 13300K [0x00000000d5580000, 0x00000000d6680000, 0x0000000100000000)
  eden space 12288K, 100% used [0x00000000d5580000,0x00000000d6180000,0x00000000d6180000)
  from space 1024K, 98% used [0x00000000d6580000,0x00000000d667d200,0x00000000d6680000)
  to   space 1536K, 0% used [0x00000000d6380000,0x00000000d6380000,0x00000000d6500000)
 ParOldGen       total 702976K, used 702766K [0x0000000080000000, 0x00000000aae80000, 0x00000000d5580000)
  object space 702976K, 99% used [0x0000000080000000,0x00000000aae4bb48,0x00000000aae80000)
 Metaspace       used 66332K, committed 67904K, reserved 1114112K
  class space    used 7021K, committed 7744K, reserved 1048576K
}
Event: 111.215 GC heap after
{Heap after GC invocations=752 (full 4):
 PSYoungGen      total 13824K, used 666K [0x00000000d5580000, 0x00000000d6600000, 0x0000000100000000)
  eden space 12288K, 0% used [0x00000000d5580000,0x00000000d5580000,0x00000000d6180000)
  from space 1536K, 43% used [0x00000000d6380000,0x00000000d6426900,0x00000000d6500000)
  to   space 1024K, 0% used [0x00000000d6500000,0x00000000d6500000,0x00000000d6600000)
 ParOldGen       total 703488K, used 703366K [0x0000000080000000, 0x00000000aaf00000, 0x00000000d5580000)
  object space 703488K, 99% used [0x0000000080000000,0x00000000aaee1b48,0x00000000aaf00000)
 Metaspace       used 66332K, committed 67904K, reserved 1114112K
  class space    used 7021K, committed 7744K, reserved 1048576K
}
Event: 111.264 GC heap before
{Heap before GC invocations=753 (full 4):
 PSYoungGen      total 13824K, used 12341K [0x00000000d5580000, 0x00000000d6600000, 0x0000000100000000)
  eden space 12288K, 95% used [0x00000000d5580000,0x00000000d60e6cd8,0x00000000d6180000)
  from space 1536K, 43% used [0x00000000d6380000,0x00000000d6426900,0x00000000d6500000)
  to   space 1024K, 0% used [0x00000000d6500000,0x00000000d6500000,0x00000000d6600000)
 ParOldGen       total 703488K, used 703366K [0x0000000080000000, 0x00000000aaf00000, 0x00000000d5580000)
  object space 703488K, 99% used [0x0000000080000000,0x00000000aaee1b48,0x00000000aaf00000)
 Metaspace       used 66366K, committed 68032K, reserved 1114112K
  class space    used 7021K, committed 7744K, reserved 1048576K
}
Event: 111.266 GC heap after
{Heap after GC invocations=753 (full 4):
 PSYoungGen      total 13312K, used 660K [0x00000000d5580000, 0x00000000d6600000, 0x0000000100000000)
  eden space 12288K, 0% used [0x00000000d5580000,0x00000000d5580000,0x00000000d6180000)
  from space 1024K, 64% used [0x00000000d6500000,0x00000000d65a5200,0x00000000d6600000)
  to   space 1024K, 0% used [0x00000000d6400000,0x00000000d6400000,0x00000000d6500000)
 ParOldGen       total 703488K, used 703374K [0x0000000080000000, 0x00000000aaf00000, 0x00000000d5580000)
  object space 703488K, 99% used [0x0000000080000000,0x00000000aaee3b48,0x00000000aaf00000)
 Metaspace       used 66366K, committed 68032K, reserved 1114112K
  class space    used 7021K, committed 7744K, reserved 1048576K
}
Event: 111.288 GC heap before
{Heap before GC invocations=754 (full 4):
 PSYoungGen      total 13312K, used 12948K [0x00000000d5580000, 0x00000000d6600000, 0x0000000100000000)
  eden space 12288K, 100% used [0x00000000d5580000,0x00000000d6180000,0x00000000d6180000)
  from space 1024K, 64% used [0x00000000d6500000,0x00000000d65a5200,0x00000000d6600000)
  to   space 1024K, 0% used [0x00000000d6400000,0x00000000d6400000,0x00000000d6500000)
 ParOldGen       total 703488K, used 703374K [0x0000000080000000, 0x00000000aaf00000, 0x00000000d5580000)
  object space 703488K, 99% used [0x0000000080000000,0x00000000aaee3b48,0x00000000aaf00000)
 Metaspace       used 66371K, committed 68032K, reserved 1114112K
  class space    used 7021K, committed 7744K, reserved 1048576K
}
Event: 111.289 GC heap after
{Heap after GC invocations=754 (full 4):
 PSYoungGen      total 13312K, used 640K [0x00000000d5580000, 0x00000000d6580000, 0x0000000100000000)
  eden space 12288K, 0% used [0x00000000d5580000,0x00000000d5580000,0x00000000d6180000)
  from space 1024K, 62% used [0x00000000d6400000,0x00000000d64a0000,0x00000000d6500000)
  to   space 512K, 0% used [0x00000000d6500000,0x00000000d6500000,0x00000000d6580000)
 ParOldGen       total 703488K, used 703374K [0x0000000080000000, 0x00000000aaf00000, 0x00000000d5580000)
  object space 703488K, 99% used [0x0000000080000000,0x00000000aaee3b48,0x00000000aaf00000)
 Metaspace       used 66371K, committed 68032K, reserved 1114112K
  class space    used 7021K, committed 7744K, reserved 1048576K
}
Event: 111.369 GC heap before
{Heap before GC invocations=755 (full 4):
 PSYoungGen      total 13312K, used 12454K [0x00000000d5580000, 0x00000000d6580000, 0x0000000100000000)
  eden space 12288K, 96% used [0x00000000d5580000,0x00000000d6109918,0x00000000d6180000)
  from space 1024K, 62% used [0x00000000d6400000,0x00000000d64a0000,0x00000000d6500000)
  to   space 512K, 0% used [0x00000000d6500000,0x00000000d6500000,0x00000000d6580000)
 ParOldGen       total 703488K, used 703374K [0x0000000080000000, 0x00000000aaf00000, 0x00000000d5580000)
  object space 703488K, 99% used [0x0000000080000000,0x00000000aaee3b48,0x00000000aaf00000)
 Metaspace       used 66424K, committed 68096K, reserved 1114112K
  class space    used 7021K, committed 7744K, reserved 1048576K
}
Event: 111.371 GC heap after
{Heap after GC invocations=755 (full 4):
 PSYoungGen      total 12800K, used 512K [0x00000000d5580000, 0x00000000d6580000, 0x0000000100000000)
  eden space 12288K, 0% used [0x00000000d5580000,0x00000000d5580000,0x00000000d6180000)
  from space 512K, 100% used [0x00000000d6500000,0x00000000d6580000,0x00000000d6580000)
  to   space 1024K, 0% used [0x00000000d6380000,0x00000000d6380000,0x00000000d6480000)
 ParOldGen       total 704000K, used 703571K [0x0000000080000000, 0x00000000aaf80000, 0x00000000d5580000)
  object space 704000K, 99% used [0x0000000080000000,0x00000000aaf14d48,0x00000000aaf80000)
 Metaspace       used 66424K, committed 68096K, reserved 1114112K
  class space    used 7021K, committed 7744K, reserved 1048576K
}
Event: 111.394 GC heap before
{Heap before GC invocations=756 (full 4):
 PSYoungGen      total 12800K, used 12800K [0x00000000d5580000, 0x00000000d6580000, 0x0000000100000000)
  eden space 12288K, 100% used [0x00000000d5580000,0x00000000d6180000,0x00000000d6180000)
  from space 512K, 100% used [0x00000000d6500000,0x00000000d6580000,0x00000000d6580000)
  to   space 1024K, 0% used [0x00000000d6380000,0x00000000d6380000,0x00000000d6480000)
 ParOldGen       total 704000K, used 703571K [0x0000000080000000, 0x00000000aaf80000, 0x00000000d5580000)
  object space 704000K, 99% used [0x0000000080000000,0x00000000aaf14d48,0x00000000aaf80000)
 Metaspace       used 66455K, committed 68096K, reserved 1114112K
  class space    used 7021K, committed 7744K, reserved 1048576K
}
Event: 111.397 GC heap after
{Heap after GC invocations=756 (full 4):
 PSYoungGen      total 13312K, used 864K [0x00000000d5580000, 0x00000000d6580000, 0x0000000100000000)
  eden space 12288K, 0% used [0x00000000d5580000,0x00000000d5580000,0x00000000d6180000)
  from space 1024K, 84% used [0x00000000d6380000,0x00000000d6458000,0x00000000d6480000)
  to   space 1024K, 0% used [0x00000000d6480000,0x00000000d6480000,0x00000000d6580000)
 ParOldGen       total 704000K, used 703691K [0x0000000080000000, 0x00000000aaf80000, 0x00000000d5580000)
  object space 704000K, 99% used [0x0000000080000000,0x00000000aaf32d48,0x00000000aaf80000)
 Metaspace       used 66455K, committed 68096K, reserved 1114112K
  class space    used 7021K, committed 7744K, reserved 1048576K
}
Event: 611.839 GC heap before
{Heap before GC invocations=757 (full 4):
 PSYoungGen      total 13312K, used 13151K [0x00000000d5580000, 0x00000000d6580000, 0x0000000100000000)
  eden space 12288K, 99% used [0x00000000d5580000,0x00000000d617fe68,0x00000000d6180000)
  from space 1024K, 84% used [0x00000000d6380000,0x00000000d6458000,0x00000000d6480000)
  to   space 1024K, 0% used [0x00000000d6480000,0x00000000d6480000,0x00000000d6580000)
 ParOldGen       total 704000K, used 703691K [0x0000000080000000, 0x00000000aaf80000, 0x00000000d5580000)
  object space 704000K, 99% used [0x0000000080000000,0x00000000aaf32d48,0x00000000aaf80000)
 Metaspace       used 66810K, committed 68416K, reserved 1114112K
  class space    used 7051K, committed 7744K, reserved 1048576K
}
Event: 611.944 GC heap after
{Heap after GC invocations=757 (full 4):
 PSYoungGen      total 13312K, used 1024K [0x00000000d5580000, 0x00000000d6580000, 0x0000000100000000)
  eden space 12288K, 0% used [0x00000000d5580000,0x00000000d5580000,0x00000000d6180000)
  from space 1024K, 100% used [0x00000000d6480000,0x00000000d6580000,0x00000000d6580000)
  to   space 1536K, 0% used [0x00000000d6280000,0x00000000d6280000,0x00000000d6400000)
 ParOldGen       total 704000K, used 703723K [0x0000000080000000, 0x00000000aaf80000, 0x00000000d5580000)
  object space 704000K, 99% used [0x0000000080000000,0x00000000aaf3ad48,0x00000000aaf80000)
 Metaspace       used 66810K, committed 68416K, reserved 1114112K
  class space    used 7051K, committed 7744K, reserved 1048576K
}
Event: 1031.378 GC heap before
{Heap before GC invocations=758 (full 4):
 PSYoungGen      total 13312K, used 13312K [0x00000000d5580000, 0x00000000d6580000, 0x0000000100000000)
  eden space 12288K, 100% used [0x00000000d5580000,0x00000000d6180000,0x00000000d6180000)
  from space 1024K, 100% used [0x00000000d6480000,0x00000000d6580000,0x00000000d6580000)
  to   space 1536K, 0% used [0x00000000d6280000,0x00000000d6280000,0x00000000d6400000)
 ParOldGen       total 704000K, used 703723K [0x0000000080000000, 0x00000000aaf80000, 0x00000000d5580000)
  object space 704000K, 99% used [0x0000000080000000,0x00000000aaf3ad48,0x00000000aaf80000)
 Metaspace       used 66924K, committed 68544K, reserved 1114112K
  class space    used 7052K, committed 7744K, reserved 1048576K
}
Event: 1031.528 GC heap after
{Heap after GC invocations=758 (full 4):
 PSYoungGen      total 13824K, used 1140K [0x00000000d5580000, 0x00000000d6500000, 0x0000000100000000)
  eden space 12288K, 0% used [0x00000000d5580000,0x00000000d5580000,0x00000000d6180000)
  from space 1536K, 74% used [0x00000000d6280000,0x00000000d639d220,0x00000000d6400000)
  to   space 1024K, 0% used [0x00000000d6400000,0x00000000d6400000,0x00000000d6500000)
 ParOldGen       total 704000K, used 703931K [0x0000000080000000, 0x00000000aaf80000, 0x00000000d5580000)
  object space 704000K, 99% used [0x0000000080000000,0x00000000aaf6ed48,0x00000000aaf80000)
 Metaspace       used 66924K, committed 68544K, reserved 1114112K
  class space    used 7052K, committed 7744K, reserved 1048576K
}
Event: 1690.595 GC heap before
{Heap before GC invocations=759 (full 4):
 PSYoungGen      total 13824K, used 13428K [0x00000000d5580000, 0x00000000d6500000, 0x0000000100000000)
  eden space 12288K, 100% used [0x00000000d5580000,0x00000000d6180000,0x00000000d6180000)
  from space 1536K, 74% used [0x00000000d6280000,0x00000000d639d220,0x00000000d6400000)
  to   space 1024K, 0% used [0x00000000d6400000,0x00000000d6400000,0x00000000d6500000)
 ParOldGen       total 704000K, used 703931K [0x0000000080000000, 0x00000000aaf80000, 0x00000000d5580000)
  object space 704000K, 99% used [0x0000000080000000,0x00000000aaf6ed48,0x00000000aaf80000)
 Metaspace       used 67037K, committed 68736K, reserved 1114112K
  class space    used 7054K, committed 7808K, reserved 1048576K
}
Event: 1690.732 GC heap after
{Heap after GC invocations=759 (full 4):
 PSYoungGen      total 13312K, used 1002K [0x00000000d5580000, 0x00000000d6500000, 0x0000000100000000)
  eden space 12288K, 0% used [0x00000000d5580000,0x00000000d5580000,0x00000000d6180000)
  from space 1024K, 97% used [0x00000000d6400000,0x00000000d64fa930,0x00000000d6500000)
  to   space 1536K, 0% used [0x00000000d6200000,0x00000000d6200000,0x00000000d6380000)
 ParOldGen       total 704512K, used 704181K [0x0000000080000000, 0x00000000ab000000, 0x00000000d5580000)
  object space 704512K, 99% used [0x0000000080000000,0x00000000aafad648,0x00000000ab000000)
 Metaspace       used 67037K, committed 68736K, reserved 1114112K
  class space    used 7054K, committed 7808K, reserved 1048576K
}

